#-----------------------------------------------------------
# Vivado v2020.1 (64-bit)
# SW Build 2902540 on Wed May 27 19:54:49 MDT 2020
# IP Build 2902112 on Wed May 27 22:43:36 MDT 2020
# Start of session at: Mon Apr 21 08:25:58 2025
# Process ID: 15168
# Current directory: C:/Users/salty/Minhaj/EkQadamAur/Single Cycle Processor
# Command line: vivado.exe -gui_launcher_event rodinguilauncherevent9240 C:\Users\salty\Minhaj\EkQadamAur\Single Cycle Processor\Single Cycle Processor.xpr
# Log file: C:/Users/salty/Minhaj/EkQadamAur/Single Cycle Processor/vivado.log
# Journal file: C:/Users/salty/Minhaj/EkQadamAur/Single Cycle Processor\vivado.jou
#-----------------------------------------------------------
start_gui
open_project {C:/Users/salty/Minhaj/EkQadamAur/Single Cycle Processor/Single Cycle Processor.xpr}
Scanning sources...
Finished scanning sources
INFO: [IP_Flow 19-234] Refreshing IP repositories
INFO: [IP_Flow 19-1704] No user IP repositories specified
INFO: [IP_Flow 19-2313] Loaded Vivado IP repository 'C:/Xilinx/Vivado/2020.1/data/ip'.
open_project: Time (s): cpu = 00:00:19 ; elapsed = 00:00:18 . Memory (MB): peak = 1028.648 ; gain = 0.000
update_compile_order -fileset sources_1
exit
INFO: [Common 17-206] Exiting Vivado at Mon Apr 21 08:40:42 2025...
